<?xml version="1.0" encoding="UTF-8"?>
<testsuite xmlns:xsi="http://www.w3.org/2001/XMLSchema-instance" xsi:noNamespaceSchemaLocation="https://maven.apache.org/surefire/maven-surefire-plugin/xsd/surefire-test-report-3.0.xsd" version="3.0" name="com.himalayanvault.api.SignupApiTest" time="5.42" tests="2" errors="0" skipped="0" failures="0">
  <properties>
[...]
</properties>
  <testcase name="signupRejectsDuplicate" classname="com.himalayanvault.api.SignupApiTest" time="3.992">
    <system-out><![CDATA[[DatabaseManager] Connected to SQLite database at: jdbc:sqlite:/home/prasish/.himalayan-vault/himalayan-vault.db
[DatabaseManager] Database tables and indexes initialized
[DatabaseManager] Database file created successfully: /home/prasish/.himalayan-vault/himalayan-vault.db (Size: 45056 bytes)
[ApiServer] Registered GET /health
[ApiServer] Registered POST /signup, POST /login, POST /lock
[ApiServer] Registered credential endpoints
[ApiServer] Registered POST /generate-password
[ApiServer] Registered POST /recovery/verify, POST /recovery/reset
[ApiServer] Server configured on 127.0.0.1:8443
[ApiServer] ✓ Server started on http://127.0.0.1:8443
[ApiServer] Listening for Chrome extension requests...
[DatabaseManager] Master password saved for user: dupuser_1781090003364
[SessionManager] All 0 sessions invalidated (master password changed)
[AuthManager] Master password set for user: dupuser_1781090003364 (PBKDF2)
[DatabaseManager] Mnemonic words and hash saved for user: dupuser_1781090003364
[RecoveryCodeManager] Mnemonic hashed and persisted for user: dupuser_1781090003364
[SignupHandler] Vault created for user: dupuser_1781090003364
[DatabaseManager] Password hash loaded for user: dupuser_1781090003364
[ApiServer] Shutting down server...
[ApiServer] ✓ Server stopped
]]></system-out>
    <system-err><![CDATA[[DatabaseManager] No password hash found for user: dupuser_1781090003364
]]></system-err>
  </testcase>
  <testcase name="signupCreatesVault" classname="com.himalayanvault.api.SignupApiTest" time="1.261">
    <system-out><![CDATA[[ApiServer] Registered GET /health
[ApiServer] Registered POST /signup, POST /login, POST /lock
[ApiServer] Registered credential endpoints
[ApiServer] Registered POST /generate-password
[ApiServer] Registered POST /recovery/verify, POST /recovery/reset
[ApiServer] Server configured on 127.0.0.1:8443
[ApiServer] ✓ Server started on http://127.0.0.1:8443
[ApiServer] Listening for Chrome extension requests...
[DatabaseManager] Master password saved for user: testuser_1781090006783
[SessionManager] All 0 sessions invalidated (master password changed)
[AuthManager] Master password set for user: testuser_1781090006783 (PBKDF2)
[DatabaseManager] Mnemonic words and hash saved for user: testuser_1781090006783
[RecoveryCodeManager] Mnemonic hashed and persisted for user: testuser_1781090006783
[SignupHandler] Vault created for user: testuser_1781090006783
[DatabaseManager] Password hash loaded for user: testuser_1781090006783
[ApiServer] Shutting down server...
[ApiServer] ✓ Server stopped
]]></system-out>
    <system-err><![CDATA[[DatabaseManager] No password hash found for user: testuser_1781090006783
]]></system-err>
  </testcase>
</testsuite>